<?xml version="1.0" encoding="UTF-8"?>
<!-- Generated by org.testng.reporters.JUnitReportReporter -->
<testsuite hostname="Rahul" failures="0" tests="1" name="POJO.Serialization.JSONArraySerializationTest" time="15.332" errors="0" timestamp="2024-06-22T19:24:45 IST" skipped="0">
  <testcase classname="POJO.Serialization.JSONArraySerializationTest" name="createUsers" time="15.332"/>
  <system-out/>
</testsuite> <!-- POJO.Serialization.JSONArraySerializationTest -->
