<?xml version="1.0" encoding="UTF-8"?>
<!-- Generated by org.testng.reporters.JUnitReportReporter -->
<testsuite hostname="Rahul" failures="0" tests="3" name="com.petstore.api.tests.PetTest" time="4.845" errors="0" timestamp="2024-08-18T21:25:50 IST" skipped="1">
  <testcase classname="com.petstore.api.tests.PetTest" name="petDataTestWithDataProvider" time="1.381"/>
  <testcase classname="com.petstore.api.tests.PetTest" name="petDataTestWithDataProvider" time="3.464"/>
  <testcase classname="com.petstore.api.tests.PetTest" name="petDataTest">
    <skipped/>
  </testcase> <!-- petDataTest -->
</testsuite> <!-- com.petstore.api.tests.PetTest -->
