<?xml version="1.0" encoding="UTF-8"?>
<!-- Generated by org.testng.reporters.JUnitReportReporter -->
<testsuite hostname="Rahul" failures="0" tests="1" name="com.petstore.api.tests.APITestToGetColourCountOfNegativeAndPositive" time="2.530" errors="0" timestamp="2024-08-05T17:46:53 IST" skipped="0">
  <testcase classname="com.petstore.api.tests.APITestToGetColourCountOfNegativeAndPositive" name="testAPIResponse" time="2.530"/>
  <system-out/>
</testsuite> <!-- com.petstore.api.tests.APITestToGetColourCountOfNegativeAndPositive -->
