<?xml version="1.0" encoding="UTF-8"?>
<!-- Generated by org.testng.reporters.JUnitReportReporter -->
<testsuite hostname="Rahul" failures="0" tests="4" name="com.petstore.api.tests.UserTests" time="9.086" errors="0" timestamp="2024-06-20T20:49:20 IST" skipped="0">
  <testcase classname="com.petstore.api.tests.UserTests" name="testPostUser" time="3.440"/>
  <system-out/>
  <testcase classname="com.petstore.api.tests.UserTests" name="testGetUserByName" time="1.388"/>
  <system-out/>
  <testcase classname="com.petstore.api.tests.UserTests" name="testUpdateUserByName" time="2.870"/>
  <system-out/>
  <testcase classname="com.petstore.api.tests.UserTests" name="testDeleteUserByName" time="1.388"/>
  <system-out/>
</testsuite> <!-- com.petstore.api.tests.UserTests -->
