<?xml version="1.0" encoding="UTF-8"?>
<!-- Generated by org.testng.reporters.JUnitReportReporter -->
<testsuite hostname="Rahul" failures="0" tests="1" name="com.petstore.api.tests.APITestToGetColourCountOfNegativeAndPositive" time="2.665" errors="0" timestamp="2024-08-18T20:23:41 IST" skipped="0">
  <testcase classname="com.petstore.api.tests.APITestToGetColourCountOfNegativeAndPositive" name="testAPIResponse" time="2.665"/>
</testsuite> <!-- com.petstore.api.tests.APITestToGetColourCountOfNegativeAndPositive -->
