<?xml version="1.0" encoding="UTF-8"?>
<!-- Generated by org.testng.reporters.JUnitReportReporter -->
<testsuite hostname="Rahul" failures="0" tests="3" name="LearningAndRoughWork.SeleniumVersion4" time="4.016" errors="0" timestamp="2024-07-12T20:54:32 IST" skipped="2">
  <testcase classname="LearningAndRoughWork.SeleniumVersion4" name="clickAndHold" time="4.016"/>
  <system-out/>
  <testcase classname="LearningAndRoughWork.SeleniumVersion4" name="screenshots">
    <skipped/>
  </testcase> <!-- screenshots -->
  <system-out/>
  <testcase classname="LearningAndRoughWork.SeleniumVersion4" name="browserInitialization">
    <skipped/>
  </testcase> <!-- browserInitialization -->
  <system-out/>
</testsuite> <!-- LearningAndRoughWork.SeleniumVersion4 -->
