<?xml version="1.0" encoding="UTF-8"?>
<!-- Generated by org.testng.reporters.JUnitReportReporter -->
<testsuite hostname="Rahul" failures="0" tests="4" name="com.petstore.api.tests.UserTests2" time="14.240" errors="0" timestamp="2024-06-16T21:33:50 IST" skipped="0">
  <testcase classname="com.petstore.api.tests.UserTests2" name="testPostUser" time="4.844"/>
  <system-out/>
  <testcase classname="com.petstore.api.tests.UserTests2" name="testGetUserByName" time="3.103"/>
  <system-out/>
  <testcase classname="com.petstore.api.tests.UserTests2" name="testUpdateUserByName" time="4.323"/>
  <system-out/>
  <testcase classname="com.petstore.api.tests.UserTests2" name="testDeleteUserByName" time="1.970"/>
  <system-out/>
</testsuite> <!-- com.petstore.api.tests.UserTests2 -->
