<?xml version="1.0" encoding="UTF-8"?>
<!-- Generated by org.testng.reporters.JUnitReportReporter -->
<testsuite hostname="Rahul" failures="0" tests="4" name="LearningAndRoughWork.ExtractValuesFromResponse" time="2.418" errors="0" timestamp="2024-07-11T21:14:43 IST" skipped="3">
  <testcase classname="LearningAndRoughWork.ExtractValuesFromResponse" name="testExtractSingleValueUsingExtractMethodWithPathAndQueryParameters" time="2.418"/>
  <system-out/>
  <testcase classname="LearningAndRoughWork.ExtractValuesFromResponse" name="testFilterUserByName">
    <skipped/>
  </testcase> <!-- testFilterUserByName -->
  <system-out/>
  <testcase classname="LearningAndRoughWork.ExtractValuesFromResponse" name="getResponseOntheBasisonID">
    <skipped/>
  </testcase> <!-- getResponseOntheBasisonID -->
  <system-out/>
  <testcase classname="LearningAndRoughWork.ExtractValuesFromResponse" name="testExtractSingleValueFromResponse">
    <skipped/>
  </testcase> <!-- testExtractSingleValueFromResponse -->
  <system-out/>
</testsuite> <!-- LearningAndRoughWork.ExtractValuesFromResponse -->
