<?xml version="1.0" encoding="UTF-8"?>
<!-- Generated by org.testng.reporters.JUnitReportReporter -->
<testsuite hostname="Rahul" failures="0" tests="4" name="com.petstore.api.tests.UserTests" time="8.764" errors="0" timestamp="2024-08-05T16:39:57 IST" skipped="0">
  <testcase classname="com.petstore.api.tests.UserTests" name="testPostUser" time="3.687"/>
  <system-out/>
  <testcase classname="com.petstore.api.tests.UserTests" name="testGetUserByName" time="1.450"/>
  <system-out/>
  <testcase classname="com.petstore.api.tests.UserTests" name="testUpdateUserByName" time="2.457"/>
  <system-out/>
  <testcase classname="com.petstore.api.tests.UserTests" name="testDeleteUserByName" time="1.170"/>
  <system-out/>
</testsuite> <!-- com.petstore.api.tests.UserTests -->
