<?xml version="1.0" encoding="UTF-8"?>
<!-- Generated by org.testng.reporters.JUnitReportReporter -->
<testsuite hostname="Rahul" failures="0" tests="1" name="com.petstore.api.tests.storeTest" time="3.161" errors="0" timestamp="2024-06-29T19:57:25 IST" skipped="0">
  <testcase classname="com.petstore.api.tests.storeTest" name="storeInventory" time="3.161"/>
  <system-out/>
</testsuite> <!-- com.petstore.api.tests.storeTest -->
