<?xml version="1.0" encoding="UTF-8"?>
<!-- Generated by org.testng.reporters.JUnitReportReporter -->
<testsuite hostname="Rahul" failures="0" tests="4" name="POJO.DeSerialization.CompareJSON" time="3.845" errors="0" timestamp="2024-07-15T21:55:55 IST" skipped="2">
  <testcase classname="POJO.DeSerialization.CompareJSON" name="userNamesGetCall" time="0.614"/>
  <system-out/>
  <testcase classname="POJO.DeSerialization.CompareJSON" name="userNamesPostCall" time="3.231"/>
  <system-out/>
  <testcase classname="POJO.DeSerialization.CompareJSON" name="compareJSONBodyWithVerifyUsingSoftAssertion">
    <skipped/>
  </testcase> <!-- compareJSONBodyWithVerifyUsingSoftAssertion -->
  <system-out/>
  <testcase classname="POJO.DeSerialization.CompareJSON" name="compareJSONBodyWithVerifyUsingHardAssertion">
    <skipped/>
  </testcase> <!-- compareJSONBodyWithVerifyUsingHardAssertion -->
  <system-out/>
</testsuite> <!-- POJO.DeSerialization.CompareJSON -->
