<?xml version="1.0" encoding="UTF-8"?>
<!-- Generated by org.testng.reporters.JUnitReportReporter -->
<testsuite hostname="Rahul" failures="0" tests="4" name="LearningAndRoughWork.ExtractValuesFromResponse" time="3.161" errors="0" timestamp="2024-06-22T17:17:38 IST" skipped="3">
  <testcase classname="LearningAndRoughWork.ExtractValuesFromResponse" name="testFilterUserByName" time="3.161"/>
  <system-out/>
  <testcase classname="LearningAndRoughWork.ExtractValuesFromResponse" name="getResponseOntheBasisonID">
    <skipped/>
  </testcase> <!-- getResponseOntheBasisonID -->
  <system-out/>
  <testcase classname="LearningAndRoughWork.ExtractValuesFromResponse" name="testExtractSingleValueFromResponse">
    <skipped/>
  </testcase> <!-- testExtractSingleValueFromResponse -->
  <system-out/>
  <testcase classname="LearningAndRoughWork.ExtractValuesFromResponse" name="testExtractSingleValueUsingExtractMethodWithPathAndQueryParameters">
    <skipped/>
  </testcase> <!-- testExtractSingleValueUsingExtractMethodWithPathAndQueryParameters -->
  <system-out/>
</testsuite> <!-- LearningAndRoughWork.ExtractValuesFromResponse -->
