<?xml version="1.0" encoding="UTF-8"?>
<!-- Generated by org.testng.reporters.JUnitReportReporter -->
<testsuite hostname="Rahul" failures="0" tests="1" name="POJO.Serialization.JSONDeserializationTest" time="3.437" errors="0" timestamp="2024-06-23T20:33:11 IST" skipped="0">
  <testcase classname="POJO.Serialization.JSONDeserializationTest" name="deserializeTest" time="3.437"/>
  <system-out/>
</testsuite> <!-- POJO.Serialization.JSONDeserializationTest -->
