<?xml version="1.0" encoding="UTF-8"?>
<!-- Generated by org.testng.reporters.JUnitReportReporter -->
<testsuite hostname="Rahul" failures="0" tests="4" name="com.petstore.api.tests.UserTests" time="9.412" errors="0" timestamp="2024-08-11T21:25:03 IST" skipped="0">
  <testcase classname="com.petstore.api.tests.UserTests" name="testPostUser" time="4.077"/>
  <testcase classname="com.petstore.api.tests.UserTests" name="testGetUserByName" time="1.352"/>
  <testcase classname="com.petstore.api.tests.UserTests" name="testUpdateUserByName" time="2.752"/>
  <testcase classname="com.petstore.api.tests.UserTests" name="testDeleteUserByName" time="1.231"/>
</testsuite> <!-- com.petstore.api.tests.UserTests -->
