<?xml version="1.0" encoding="UTF-8"?>
<!-- Generated by org.testng.reporters.JUnitReportReporter -->
<testsuite hostname="Rahul" failures="0" tests="1" name="com.petstore.api.tests.storeTest" time="4.004" errors="0" timestamp="2024-06-16T21:57:10 IST" skipped="0">
  <testcase classname="com.petstore.api.tests.storeTest" name="storeInventory" time="4.004"/>
  <system-out/>
</testsuite> <!-- com.petstore.api.tests.storeTest -->
