<?xml version="1.0" encoding="UTF-8"?>
<!-- Generated by org.testng.reporters.JUnitReportReporter -->
<testsuite hostname="Rahul" failures="0" tests="6" name="com.petstore.api.tests.DDTests" time="11.128" errors="0" timestamp="2024-06-29T19:56:50 IST" skipped="0">
  <testcase classname="com.petstore.api.tests.DDTests" name="testPostuser" time="3.603"/>
  <system-out/>
  <testcase classname="com.petstore.api.tests.DDTests" name="testPostuser" time="1.424"/>
  <system-out/>
  <testcase classname="com.petstore.api.tests.DDTests" name="testPostuser" time="1.358"/>
  <system-out/>
  <testcase classname="com.petstore.api.tests.DDTests" name="testDeleteUserByName" time="1.377"/>
  <system-out/>
  <testcase classname="com.petstore.api.tests.DDTests" name="testDeleteUserByName" time="1.416"/>
  <system-out/>
  <testcase classname="com.petstore.api.tests.DDTests" name="testDeleteUserByName" time="1.950"/>
  <system-out/>
</testsuite> <!-- com.petstore.api.tests.DDTests -->
