<?xml version="1.0" encoding="UTF-8"?>
<!-- Generated by org.testng.reporters.JUnitReportReporter -->
<testsuite hostname="Rahul" failures="0" tests="6" name="com.petstore.api.tests.DDTests" time="8.923" errors="0" timestamp="2024-08-11T20:49:14 IST" skipped="0">
  <testcase classname="com.petstore.api.tests.DDTests" name="testPostuser" time="1.171"/>
  <system-out/>
  <testcase classname="com.petstore.api.tests.DDTests" name="testPostuser" time="1.189"/>
  <system-out/>
  <testcase classname="com.petstore.api.tests.DDTests" name="testPostuser" time="2.940"/>
  <system-out/>
  <testcase classname="com.petstore.api.tests.DDTests" name="testDeleteUserByName" time="1.238"/>
  <system-out/>
  <testcase classname="com.petstore.api.tests.DDTests" name="testDeleteUserByName" time="1.248"/>
  <system-out/>
  <testcase classname="com.petstore.api.tests.DDTests" name="testDeleteUserByName" time="1.137"/>
  <system-out/>
</testsuite> <!-- com.petstore.api.tests.DDTests -->
