<?xml version="1.0" encoding="UTF-8"?>
<!-- Generated by org.testng.reporters.JUnitReportReporter -->
<testsuite hostname="Rahul" failures="0" tests="6" name="com.petstore.api.tests.DDTests" time="10.778" errors="0" timestamp="2024-06-20T20:47:20 IST" skipped="0">
  <testcase classname="com.petstore.api.tests.DDTests" name="testPostuser" time="1.421"/>
  <system-out/>
  <testcase classname="com.petstore.api.tests.DDTests" name="testPostuser" time="3.694"/>
  <system-out/>
  <testcase classname="com.petstore.api.tests.DDTests" name="testPostuser" time="1.400"/>
  <system-out/>
  <testcase classname="com.petstore.api.tests.DDTests" name="testDeleteUserByName" time="1.386"/>
  <system-out/>
  <testcase classname="com.petstore.api.tests.DDTests" name="testDeleteUserByName" time="1.405"/>
  <system-out/>
  <testcase classname="com.petstore.api.tests.DDTests" name="testDeleteUserByName" time="1.472"/>
  <system-out/>
</testsuite> <!-- com.petstore.api.tests.DDTests -->
