<?xml version="1.0" encoding="UTF-8"?>
<!-- Generated by org.testng.reporters.JUnitReportReporter -->
<testsuite hostname="Rahul" failures="0" tests="1" name="POJO.Serialization.CreateUserWithAddress" time="3.083" errors="0" timestamp="2024-06-22T19:14:29 IST" skipped="0">
  <testcase classname="POJO.Serialization.CreateUserWithAddress" name="createUserWithAddress" time="3.083"/>
  <system-out/>
</testsuite> <!-- POJO.Serialization.CreateUserWithAddress -->
