<?xml version="1.0" encoding="UTF-8"?>
<!-- Generated by org.testng.reporters.JUnitReportReporter -->
<testsuite hostname="Rahul" failures="0" tests="3" name="LearningAndRoughWork.PathParamWithQueryPramTest" time="3.764" errors="0" timestamp="2024-06-24T22:36:54 IST" skipped="2">
  <testcase classname="LearningAndRoughWork.PathParamWithQueryPramTest" name="validatePathWithMoreThanOneQueryParamTestWithHamCrestAssertion" time="3.764"/>
  <system-out/>
  <testcase classname="LearningAndRoughWork.PathParamWithQueryPramTest" name="validatePathWithMoreThanOneQueryParamTestWithTestNGAssertion">
    <skipped/>
  </testcase> <!-- validatePathWithMoreThanOneQueryParamTestWithTestNGAssertion -->
  <system-out/>
  <testcase classname="LearningAndRoughWork.PathParamWithQueryPramTest" name="validateMoreThanOneQueryParamTest">
    <skipped/>
  </testcase> <!-- validateMoreThanOneQueryParamTest -->
  <system-out/>
</testsuite> <!-- LearningAndRoughWork.PathParamWithQueryPramTest -->
