<?xml version="1.0" encoding="UTF-8"?>
<!-- Generated by org.testng.reporters.JUnitReportReporter -->
<testsuite hostname="Rahul" failures="0" tests="1" name="LearningAndRoughWork.JsonPlaceholderTest" time="3.635" errors="0" timestamp="2024-06-22T17:26:38 IST" skipped="0">
  <testcase classname="LearningAndRoughWork.JsonPlaceholderTest" name="testFilterUserByName" time="3.635"/>
  <system-out/>
</testsuite> <!-- LearningAndRoughWork.JsonPlaceholderTest -->
